=====================================================
        SoC Subsystem Regression Report
        Date: 2026-02-27
        Build: compute_tile_v3.4
=====================================================

[INFO] Regression started at 09:00:12

-----------------------------------------------------
Running Test: test_reset_cold_boot
Seed: 12345
Status: PASS
Simulation Time: 34567 ns
-----------------------------------------------------

Running Test: test_reset_warm_boot
Seed: 98765
Status: FAIL
Error: UVM_ERROR @ 12045ns: reset timeout detected
Simulation Time: 15000 ns
-----------------------------------------------------

Running Test: test_debug_entry
Seed: 55555
Status: PASS
Simulation Time: 22000 ns
-----------------------------------------------------

Running Test: test_boot_rom_basic
Seed: 77777
Status: FAIL
Error: UVM_FATAL @ 3400ns: Boot ROM stuck in init loop
Simulation Time: 8000 ns
-----------------------------------------------------

Running Test: test_boot_rom_secure
Seed: 24680
Status: PASS
Simulation Time: 31000 ns
-----------------------------------------------------

[INFO] Regression completed at 10:15:42

=====================================================
SUMMARY
Total Tests     : 5
Passed          : 3
Failed          : 2
Pass Percentage : 60%
=====================================================